<?xml version="1.0" encoding="UTF-8"?>
<!-- Generated by org.testng.reporters.JUnitXMLReporter -->
<testsuite ignored="0" hostname="Sebastians-MacBook-Pro.local" failures="0" tests="8" name="Default test" time="0.066" errors="0" timestamp="2024-12-07T18:18:36 IST">
  <testcase classname="pageobject.demowebshop.TestNGDemoApp3" name="app2AmzTest6" time="0.008"/>
  <testcase classname="pageobject.demowebshop.TestNGDemoApp3" name="app2AmzTest6" time="0.003"/>
  <testcase classname="pageobject.demowebshop.TestNGDemoApp3" name="app2AmzTest6" time="0.001"/>
  <testcase classname="pageobject.demowebshop.TestNGDemoApp3" name="app2AmzTest5" time="0.003"/>
  <testcase classname="pageobject.demowebshop.TestNGDemoApp3" name="app2AmzTest3" time="0.002"/>
  <testcase classname="pageobject.demowebshop.TestNGDemoApp3" name="app2AmzTest2" time="0.001"/>
  <testcase classname="pageobject.demowebshop.TestNGDemoApp3" name="app2AmzTest1" time="0.002"/>
  <testcase classname="pageobject.demowebshop.TestNGDemoApp3" name="app2AmzTest4" time="0.001"/>
</testsuite> <!-- Default test -->
