<?xml version="1.0" encoding="UTF-8"?>
<!-- Generated by org.testng.reporters.JUnitXMLReporter -->
<testsuite ignored="1" hostname="Sebastians-MacBook-Pro.local" failures="0" tests="1" name="Test" time="0.033" errors="0" timestamp="2024-12-07T02:47:39 IST">
  <testcase classname="pageobject.demowebshop.TestNGDemoApp1" name="app1FirstTest" time="0.007"/>
  <testcase classname="pageobject.demowebshop.TestNGDemoApp1" name="app1SecondTest" time="0.0">
    <ignored/>
  </testcase> <!-- app1SecondTest -->
</testsuite> <!-- Test -->
