<?xml version="1.0" encoding="UTF-8"?>
<!-- Generated by org.testng.reporters.JUnitXMLReporter -->
<testsuite ignored="0" hostname="Sebastians-MacBook-Pro.local" failures="0" tests="10" name="TestTestNG1" time="0.073" errors="0" timestamp="2024-12-07T17:49:30 IST">
  <testcase classname="pageobject.demowebshop.TestNGDemoApp2" name="app2AmzTest1" time="0.005"/>
  <testcase classname="pageobject.demowebshop.TestNGDemoApp2" name="app2AmzTest2" time="0.001"/>
  <testcase classname="pageobject.demowebshop.TestNGDemoApp2" name="app2AmzTest3" time="0.001"/>
  <testcase classname="pageobject.demowebshop.TestNGDemoApp1" name="app1FirstTest" time="0.001"/>
  <testcase classname="pageobject.demowebshop.TestNGDemoApp1" name="app1SecondTest" time="0.001"/>
  <testcase classname="pageobject.demowebshop.TestNGDemoApp1" name="app1ZerothTest" time="0.001"/>
  <testcase classname="pageobject.demowebshop.TestNGDemoApp1" name="app1FourthTest" time="0.001"/>
  <testcase classname="pageobject.demowebshop.TestNGDemoApp1" name="app1ThirdTest" time="0.001"/>
  <testcase classname="pageobject.demowebshop.TestNGDemoApp1" name="app1FifthTest" time="0.001"/>
  <testcase classname="pageobject.demowebshop.TestNGDemoApp1" name="app1SixthTest" time="0.001"/>
</testsuite> <!-- TestTestNG1 -->
