<?xml version="1.0" encoding="UTF-8"?>
<!-- Generated by org.testng.reporters.JUnitXMLReporter -->
<testsuite ignored="0" hostname="Sebastians-MacBook-Pro.local" failures="0" tests="13" name="TestTestNG1" time="0.055" errors="0" timestamp="2024-12-13T19:59:00 IST">
  <testcase classname="pageobject.demowebshop.TestNGDemoApp2" name="app2AmzTest3" time="0.004"/>
  <testcase classname="pageobject.demowebshop.TestNGDemoApp2" name="app2AmzTest4" time="0.001"/>
  <testcase classname="pageobject.demowebshop.TestNGDemoApp2" name="app2AmzTest5" time="0.0"/>
  <testcase classname="pageobject.demowebshop.TestNGDemoApp2" name="app2AmzTest6" time="0.001"/>
  <testcase classname="pageobject.demowebshop.TestNGDemoApp1" name="app1FirstTest" time="0.001"/>
  <testcase classname="pageobject.demowebshop.TestNGDemoApp1" name="app1SecondTest" time="0.001"/>
  <testcase classname="pageobject.demowebshop.TestNGDemoApp1" name="app1ZerothTest" time="0.001"/>
  <testcase classname="pageobject.demowebshop.TestNGDemoApp2" name="app2AmzTest2" time="0.001"/>
  <testcase classname="pageobject.demowebshop.TestNGDemoApp1" name="app1FourthTest" time="0.001"/>
  <testcase classname="pageobject.demowebshop.TestNGDemoApp1" name="app1ThirdTest" time="0.001"/>
  <testcase classname="pageobject.demowebshop.TestNGDemoApp2" name="app2AmzTest1" time="0.001"/>
  <testcase classname="pageobject.demowebshop.TestNGDemoApp1" name="app1FifthTest" time="0.0"/>
  <testcase classname="pageobject.demowebshop.TestNGDemoApp1" name="app1SixthTest" time="0.001"/>
</testsuite> <!-- TestTestNG1 -->
