<?xml version="1.0" encoding="UTF-8"?>
<testng-results ignored="0" total="13" passed="13" failed="0" skipped="0">
  <reporter-output>
  </reporter-output>
  <suite started-at="2024-12-13T19:58:55 IST" name="SuiteTestNG" finished-at="2024-12-13T19:58:55 IST" duration-ms="55">
    <groups>
      <group name="regression">
        <method signature="TestNGDemoApp1.app1FourthTest()[pri:0, instance:pageobject.demowebshop.TestNGDemoApp1@4a003cbe]" name="app1FourthTest" class="pageobject.demowebshop.TestNGDemoApp1"/>
        <method signature="TestNGDemoApp1.app1ThirdTest()[pri:0, instance:pageobject.demowebshop.TestNGDemoApp1@4a003cbe]" name="app1ThirdTest" class="pageobject.demowebshop.TestNGDemoApp1"/>
      </group> <!-- regression -->
      <group name="smoke">
        <method signature="TestNGDemoApp1.app1FirstTest()[pri:0, instance:pageobject.demowebshop.TestNGDemoApp1@4a003cbe]" name="app1FirstTest" class="pageobject.demowebshop.TestNGDemoApp1"/>
        <method signature="TestNGDemoApp1.app1SecondTest()[pri:0, instance:pageobject.demowebshop.TestNGDemoApp1@4a003cbe]" name="app1SecondTest" class="pageobject.demowebshop.TestNGDemoApp1"/>
        <method signature="TestNGDemoApp1.app1ZerothTest()[pri:0, instance:pageobject.demowebshop.TestNGDemoApp1@4a003cbe]" name="app1ZerothTest" class="pageobject.demowebshop.TestNGDemoApp1"/>
      </group> <!-- smoke -->
      <group name="end-to-end">
        <method signature="TestNGDemoApp1.app1FifthTest()[pri:0, instance:pageobject.demowebshop.TestNGDemoApp1@4a003cbe]" name="app1FifthTest" class="pageobject.demowebshop.TestNGDemoApp1"/>
        <method signature="TestNGDemoApp1.app1SixthTest()[pri:0, instance:pageobject.demowebshop.TestNGDemoApp1@4a003cbe]" name="app1SixthTest" class="pageobject.demowebshop.TestNGDemoApp1"/>
      </group> <!-- end-to-end -->
    </groups>
    <test started-at="2024-12-13T19:58:55 IST" name="TestTestNG1" finished-at="2024-12-13T19:58:55 IST" duration-ms="55">
      <class name="pageobject.demowebshop.TestNGDemoApp2">
        <test-method is-config="true" signature="beforeSuite()[pri:0, instance:pageobject.demowebshop.TestNGDemoApp2@6be968ce]" started-at="2024-12-13T19:58:55 IST" name="beforeSuite" finished-at="2024-12-13T19:58:55 IST" duration-ms="0" status="PASS">
          <reporter-output>
          </reporter-output>
        </test-method> <!-- beforeSuite -->
        <test-method is-config="true" signature="beforeTest()[pri:0, instance:pageobject.demowebshop.TestNGDemoApp2@6be968ce]" started-at="2024-12-13T19:58:55 IST" name="beforeTest" finished-at="2024-12-13T19:58:55 IST" duration-ms="1" status="PASS">
          <reporter-output>
          </reporter-output>
        </test-method> <!-- beforeTest -->
        <test-method is-config="true" signature="beforeClass()[pri:0, instance:pageobject.demowebshop.TestNGDemoApp2@6be968ce]" started-at="2024-12-13T19:58:55 IST" name="beforeClass" finished-at="2024-12-13T19:58:55 IST" duration-ms="0" status="PASS">
          <reporter-output>
          </reporter-output>
        </test-method> <!-- beforeClass -->
        <test-method signature="app2AmzTest3()[pri:0, instance:pageobject.demowebshop.TestNGDemoApp2@6be968ce]" started-at="2024-12-13T19:58:55 IST" name="app2AmzTest3" finished-at="2024-12-13T19:58:55 IST" duration-ms="4" status="PASS">
          <reporter-output>
          </reporter-output>
        </test-method> <!-- app2AmzTest3 -->
        <test-method is-config="true" signature="beforeMethod()[pri:0, instance:pageobject.demowebshop.TestNGDemoApp2@6be968ce]" started-at="2024-12-13T19:58:55 IST" name="beforeMethod" finished-at="2024-12-13T19:58:55 IST" duration-ms="0" status="PASS">
          <reporter-output>
          </reporter-output>
        </test-method> <!-- beforeMethod -->
        <test-method signature="app2AmzTest4()[pri:0, instance:pageobject.demowebshop.TestNGDemoApp2@6be968ce]" started-at="2024-12-13T19:58:55 IST" name="app2AmzTest4" finished-at="2024-12-13T19:58:55 IST" duration-ms="1" status="PASS">
          <reporter-output>
          </reporter-output>
        </test-method> <!-- app2AmzTest4 -->
        <test-method is-config="true" signature="beforeMethod()[pri:0, instance:pageobject.demowebshop.TestNGDemoApp2@6be968ce]" started-at="2024-12-13T19:58:55 IST" name="beforeMethod" finished-at="2024-12-13T19:58:55 IST" duration-ms="0" status="PASS">
          <reporter-output>
          </reporter-output>
        </test-method> <!-- beforeMethod -->
        <test-method is-config="true" signature="beforeMethod()[pri:0, instance:pageobject.demowebshop.TestNGDemoApp2@6be968ce]" started-at="2024-12-13T19:58:55 IST" name="beforeMethod" finished-at="2024-12-13T19:58:55 IST" duration-ms="1" status="PASS">
          <reporter-output>
          </reporter-output>
        </test-method> <!-- beforeMethod -->
        <test-method signature="app2AmzTest5()[pri:0, instance:pageobject.demowebshop.TestNGDemoApp2@6be968ce]" started-at="2024-12-13T19:58:55 IST" name="app2AmzTest5" finished-at="2024-12-13T19:58:55 IST" duration-ms="0" status="PASS">
          <reporter-output>
          </reporter-output>
        </test-method> <!-- app2AmzTest5 -->
        <test-method signature="app2AmzTest6()[pri:0, instance:pageobject.demowebshop.TestNGDemoApp2@6be968ce]" started-at="2024-12-13T19:58:55 IST" name="app2AmzTest6" finished-at="2024-12-13T19:58:55 IST" duration-ms="1" status="PASS">
          <reporter-output>
          </reporter-output>
        </test-method> <!-- app2AmzTest6 -->
        <test-method is-config="true" signature="beforeMethod()[pri:0, instance:pageobject.demowebshop.TestNGDemoApp2@6be968ce]" started-at="2024-12-13T19:58:55 IST" name="beforeMethod" finished-at="2024-12-13T19:58:55 IST" duration-ms="0" status="PASS">
          <reporter-output>
          </reporter-output>
        </test-method> <!-- beforeMethod -->
        <test-method signature="app2AmzTest2()[pri:0, instance:pageobject.demowebshop.TestNGDemoApp2@6be968ce]" started-at="2024-12-13T19:58:55 IST" name="app2AmzTest2" finished-at="2024-12-13T19:58:55 IST" depends-on-methods="pageobject.demowebshop.TestNGDemoApp2.app2AmzTest3" duration-ms="1" status="PASS">
          <reporter-output>
          </reporter-output>
        </test-method> <!-- app2AmzTest2 -->
        <test-method is-config="true" signature="beforeMethod()[pri:0, instance:pageobject.demowebshop.TestNGDemoApp2@6be968ce]" started-at="2024-12-13T19:58:55 IST" name="beforeMethod" finished-at="2024-12-13T19:58:55 IST" duration-ms="0" status="PASS">
          <reporter-output>
          </reporter-output>
        </test-method> <!-- beforeMethod -->
        <test-method signature="app2AmzTest1()[pri:0, instance:pageobject.demowebshop.TestNGDemoApp2@6be968ce]" started-at="2024-12-13T19:58:55 IST" name="app2AmzTest1" finished-at="2024-12-13T19:58:55 IST" depends-on-methods="pageobject.demowebshop.TestNGDemoApp2.app2AmzTest2" duration-ms="1" status="PASS">
          <reporter-output>
          </reporter-output>
        </test-method> <!-- app2AmzTest1 -->
        <test-method is-config="true" signature="beforeMethod()[pri:0, instance:pageobject.demowebshop.TestNGDemoApp2@6be968ce]" started-at="2024-12-13T19:58:55 IST" name="beforeMethod" finished-at="2024-12-13T19:58:55 IST" duration-ms="0" status="PASS">
          <reporter-output>
          </reporter-output>
        </test-method> <!-- beforeMethod -->
      </class> <!-- pageobject.demowebshop.TestNGDemoApp2 -->
      <class name="pageobject.demowebshop.TestNGDemoApp1">
        <test-method is-config="true" signature="beforeSuite()[pri:0, instance:pageobject.demowebshop.TestNGDemoApp1@4a003cbe]" started-at="2024-12-13T19:58:55 IST" name="beforeSuite" finished-at="2024-12-13T19:58:55 IST" duration-ms="7" status="PASS">
          <reporter-output>
          </reporter-output>
        </test-method> <!-- beforeSuite -->
        <test-method is-config="true" signature="beforeTest()[pri:0, instance:pageobject.demowebshop.TestNGDemoApp1@4a003cbe]" started-at="2024-12-13T19:58:55 IST" name="beforeTest" finished-at="2024-12-13T19:58:55 IST" duration-ms="0" status="PASS">
          <reporter-output>
          </reporter-output>
        </test-method> <!-- beforeTest -->
        <test-method is-config="true" signature="beforeClass()[pri:0, instance:pageobject.demowebshop.TestNGDemoApp1@4a003cbe]" started-at="2024-12-13T19:58:55 IST" name="beforeClass" finished-at="2024-12-13T19:58:55 IST" duration-ms="1" status="PASS">
          <reporter-output>
          </reporter-output>
        </test-method> <!-- beforeClass -->
        <test-method signature="app1FirstTest()[pri:0, instance:pageobject.demowebshop.TestNGDemoApp1@4a003cbe]" started-at="2024-12-13T19:58:55 IST" name="app1FirstTest" finished-at="2024-12-13T19:58:55 IST" duration-ms="1" status="PASS">
          <reporter-output>
          </reporter-output>
        </test-method> <!-- app1FirstTest -->
        <test-method is-config="true" signature="beforeMethod()[pri:0, instance:pageobject.demowebshop.TestNGDemoApp1@4a003cbe]" started-at="2024-12-13T19:58:55 IST" name="beforeMethod" finished-at="2024-12-13T19:58:55 IST" duration-ms="0" status="PASS">
          <reporter-output>
          </reporter-output>
        </test-method> <!-- beforeMethod -->
        <test-method is-config="true" signature="afterMethod()[pri:0, instance:pageobject.demowebshop.TestNGDemoApp1@4a003cbe]" started-at="2024-12-13T19:58:55 IST" name="afterMethod" finished-at="2024-12-13T19:58:55 IST" duration-ms="1" status="PASS">
          <reporter-output>
          </reporter-output>
        </test-method> <!-- afterMethod -->
        <test-method is-config="true" signature="beforeMethod()[pri:0, instance:pageobject.demowebshop.TestNGDemoApp1@4a003cbe]" started-at="2024-12-13T19:58:55 IST" name="beforeMethod" finished-at="2024-12-13T19:58:55 IST" duration-ms="1" status="PASS">
          <reporter-output>
          </reporter-output>
        </test-method> <!-- beforeMethod -->
        <test-method signature="app1SecondTest()[pri:0, instance:pageobject.demowebshop.TestNGDemoApp1@4a003cbe]" started-at="2024-12-13T19:58:55 IST" name="app1SecondTest" finished-at="2024-12-13T19:58:55 IST" duration-ms="1" status="PASS">
          <reporter-output>
          </reporter-output>
        </test-method> <!-- app1SecondTest -->
        <test-method is-config="true" signature="afterMethod()[pri:0, instance:pageobject.demowebshop.TestNGDemoApp1@4a003cbe]" started-at="2024-12-13T19:58:55 IST" name="afterMethod" finished-at="2024-12-13T19:58:55 IST" duration-ms="0" status="PASS">
          <reporter-output>
          </reporter-output>
        </test-method> <!-- afterMethod -->
        <test-method signature="app1ZerothTest()[pri:0, instance:pageobject.demowebshop.TestNGDemoApp1@4a003cbe]" started-at="2024-12-13T19:58:55 IST" name="app1ZerothTest" finished-at="2024-12-13T19:58:55 IST" duration-ms="1" status="PASS">
          <reporter-output>
          </reporter-output>
        </test-method> <!-- app1ZerothTest -->
        <test-method is-config="true" signature="beforeMethod()[pri:0, instance:pageobject.demowebshop.TestNGDemoApp1@4a003cbe]" started-at="2024-12-13T19:58:55 IST" name="beforeMethod" finished-at="2024-12-13T19:58:55 IST" duration-ms="0" status="PASS">
          <reporter-output>
          </reporter-output>
        </test-method> <!-- beforeMethod -->
        <test-method is-config="true" signature="afterMethod()[pri:0, instance:pageobject.demowebshop.TestNGDemoApp1@4a003cbe]" started-at="2024-12-13T19:58:55 IST" name="afterMethod" finished-at="2024-12-13T19:58:55 IST" duration-ms="0" status="PASS">
          <reporter-output>
          </reporter-output>
        </test-method> <!-- afterMethod -->
        <test-method signature="app1FourthTest()[pri:0, instance:pageobject.demowebshop.TestNGDemoApp1@4a003cbe]" started-at="2024-12-13T19:58:55 IST" name="app1FourthTest" depends-on-groups="smoke" finished-at="2024-12-13T19:58:55 IST" duration-ms="1" status="PASS">
          <reporter-output>
          </reporter-output>
        </test-method> <!-- app1FourthTest -->
        <test-method is-config="true" signature="beforeMethod()[pri:0, instance:pageobject.demowebshop.TestNGDemoApp1@4a003cbe]" started-at="2024-12-13T19:58:55 IST" name="beforeMethod" finished-at="2024-12-13T19:58:55 IST" duration-ms="0" status="PASS">
          <reporter-output>
          </reporter-output>
        </test-method> <!-- beforeMethod -->
        <test-method is-config="true" signature="afterMethod()[pri:0, instance:pageobject.demowebshop.TestNGDemoApp1@4a003cbe]" started-at="2024-12-13T19:58:55 IST" name="afterMethod" finished-at="2024-12-13T19:58:55 IST" duration-ms="1" status="PASS">
          <reporter-output>
          </reporter-output>
        </test-method> <!-- afterMethod -->
        <test-method signature="app1ThirdTest()[pri:0, instance:pageobject.demowebshop.TestNGDemoApp1@4a003cbe]" started-at="2024-12-13T19:58:55 IST" name="app1ThirdTest" depends-on-groups="smoke" finished-at="2024-12-13T19:58:55 IST" duration-ms="1" status="PASS">
          <reporter-output>
          </reporter-output>
        </test-method> <!-- app1ThirdTest -->
        <test-method is-config="true" signature="beforeMethod()[pri:0, instance:pageobject.demowebshop.TestNGDemoApp1@4a003cbe]" started-at="2024-12-13T19:58:55 IST" name="beforeMethod" finished-at="2024-12-13T19:58:55 IST" duration-ms="0" status="PASS">
          <reporter-output>
          </reporter-output>
        </test-method> <!-- beforeMethod -->
        <test-method is-config="true" signature="afterMethod()[pri:0, instance:pageobject.demowebshop.TestNGDemoApp1@4a003cbe]" started-at="2024-12-13T19:58:55 IST" name="afterMethod" finished-at="2024-12-13T19:58:55 IST" duration-ms="0" status="PASS">
          <reporter-output>
          </reporter-output>
        </test-method> <!-- afterMethod -->
        <test-method signature="app1FifthTest()[pri:0, instance:pageobject.demowebshop.TestNGDemoApp1@4a003cbe]" started-at="2024-12-13T19:58:55 IST" name="app1FifthTest" depends-on-groups="regression, smoke" finished-at="2024-12-13T19:58:55 IST" duration-ms="0" status="PASS">
          <reporter-output>
          </reporter-output>
        </test-method> <!-- app1FifthTest -->
        <test-method is-config="true" signature="beforeMethod()[pri:0, instance:pageobject.demowebshop.TestNGDemoApp1@4a003cbe]" started-at="2024-12-13T19:58:55 IST" name="beforeMethod" finished-at="2024-12-13T19:58:55 IST" duration-ms="0" status="PASS">
          <reporter-output>
          </reporter-output>
        </test-method> <!-- beforeMethod -->
        <test-method is-config="true" signature="afterMethod()[pri:0, instance:pageobject.demowebshop.TestNGDemoApp1@4a003cbe]" started-at="2024-12-13T19:58:55 IST" name="afterMethod" finished-at="2024-12-13T19:58:55 IST" duration-ms="0" status="PASS">
          <reporter-output>
          </reporter-output>
        </test-method> <!-- afterMethod -->
        <test-method signature="app1SixthTest()[pri:0, instance:pageobject.demowebshop.TestNGDemoApp1@4a003cbe]" started-at="2024-12-13T19:58:55 IST" name="app1SixthTest" depends-on-groups="regression, smoke" finished-at="2024-12-13T19:58:55 IST" duration-ms="1" status="PASS">
          <reporter-output>
          </reporter-output>
        </test-method> <!-- app1SixthTest -->
        <test-method is-config="true" signature="beforeMethod()[pri:0, instance:pageobject.demowebshop.TestNGDemoApp1@4a003cbe]" started-at="2024-12-13T19:58:55 IST" name="beforeMethod" finished-at="2024-12-13T19:58:55 IST" duration-ms="0" status="PASS">
          <reporter-output>
          </reporter-output>
        </test-method> <!-- beforeMethod -->
        <test-method is-config="true" signature="afterMethod()[pri:0, instance:pageobject.demowebshop.TestNGDemoApp1@4a003cbe]" started-at="2024-12-13T19:58:55 IST" name="afterMethod" finished-at="2024-12-13T19:58:55 IST" duration-ms="0" status="PASS">
          <reporter-output>
          </reporter-output>
        </test-method> <!-- afterMethod -->
        <test-method is-config="true" signature="afterTest()[pri:0, instance:pageobject.demowebshop.TestNGDemoApp1@4a003cbe]" started-at="2024-12-13T19:58:55 IST" name="afterTest" finished-at="2024-12-13T19:58:55 IST" duration-ms="0" status="PASS">
          <reporter-output>
          </reporter-output>
        </test-method> <!-- afterTest -->
        <test-method is-config="true" signature="afterClass()[pri:0, instance:pageobject.demowebshop.TestNGDemoApp1@4a003cbe]" started-at="2024-12-13T19:58:55 IST" name="afterClass" finished-at="2024-12-13T19:58:55 IST" duration-ms="0" status="PASS">
          <reporter-output>
          </reporter-output>
        </test-method> <!-- afterClass -->
        <test-method is-config="true" signature="afterSuite()[pri:0, instance:pageobject.demowebshop.TestNGDemoApp1@4a003cbe]" started-at="2024-12-13T19:59:00 IST" name="afterSuite" finished-at="2024-12-13T19:59:00 IST" duration-ms="0" status="PASS">
          <reporter-output>
          </reporter-output>
        </test-method> <!-- afterSuite -->
      </class> <!-- pageobject.demowebshop.TestNGDemoApp1 -->
    </test> <!-- TestTestNG1 -->
  </suite> <!-- SuiteTestNG -->
</testng-results>
