<?xml version="1.0" encoding="UTF-8"?>
<testng-results ignored="0" total="8" passed="8" failed="0" skipped="0">
  <reporter-output>
  </reporter-output>
  <suite started-at="2024-12-07T18:18:31 IST" name="Default suite" finished-at="2024-12-07T18:18:31 IST" duration-ms="66">
    <groups>
    </groups>
    <test started-at="2024-12-07T18:18:31 IST" name="Default test" finished-at="2024-12-07T18:18:31 IST" duration-ms="66">
      <class name="pageobject.demowebshop.TestNGDemoApp3">
        <test-method signature="app2AmzTest6()[pri:1, instance:pageobject.demowebshop.TestNGDemoApp3@6e9175d8]" started-at="2024-12-07T18:18:31 IST" name="app2AmzTest6" finished-at="2024-12-07T18:18:31 IST" duration-ms="8" status="PASS">
          <reporter-output>
          </reporter-output>
        </test-method> <!-- app2AmzTest6 -->
        <test-method signature="app2AmzTest6()[pri:1, instance:pageobject.demowebshop.TestNGDemoApp3@6e9175d8]" started-at="2024-12-07T18:18:31 IST" name="app2AmzTest6" finished-at="2024-12-07T18:18:31 IST" duration-ms="3" status="PASS">
          <reporter-output>
          </reporter-output>
        </test-method> <!-- app2AmzTest6 -->
        <test-method signature="app2AmzTest6()[pri:1, instance:pageobject.demowebshop.TestNGDemoApp3@6e9175d8]" started-at="2024-12-07T18:18:31 IST" name="app2AmzTest6" finished-at="2024-12-07T18:18:31 IST" duration-ms="1" status="PASS">
          <reporter-output>
          </reporter-output>
        </test-method> <!-- app2AmzTest6 -->
        <test-method signature="app2AmzTest5()[pri:2, instance:pageobject.demowebshop.TestNGDemoApp3@6e9175d8]" started-at="2024-12-07T18:18:31 IST" name="app2AmzTest5" finished-at="2024-12-07T18:18:31 IST" duration-ms="3" status="PASS">
          <reporter-output>
          </reporter-output>
        </test-method> <!-- app2AmzTest5 -->
        <test-method signature="app2AmzTest3()[pri:3, instance:pageobject.demowebshop.TestNGDemoApp3@6e9175d8]" started-at="2024-12-07T18:18:31 IST" name="app2AmzTest3" finished-at="2024-12-07T18:18:31 IST" duration-ms="2" status="PASS">
          <reporter-output>
          </reporter-output>
        </test-method> <!-- app2AmzTest3 -->
        <test-method signature="app2AmzTest2()[pri:0, instance:pageobject.demowebshop.TestNGDemoApp3@6e9175d8]" started-at="2024-12-07T18:18:31 IST" name="app2AmzTest2" finished-at="2024-12-07T18:18:31 IST" depends-on-methods="pageobject.demowebshop.TestNGDemoApp3.app2AmzTest3" duration-ms="1" status="PASS">
          <reporter-output>
          </reporter-output>
        </test-method> <!-- app2AmzTest2 -->
        <test-method signature="app2AmzTest1()[pri:0, instance:pageobject.demowebshop.TestNGDemoApp3@6e9175d8]" started-at="2024-12-07T18:18:31 IST" name="app2AmzTest1" finished-at="2024-12-07T18:18:31 IST" depends-on-methods="pageobject.demowebshop.TestNGDemoApp3.app2AmzTest2" duration-ms="2" status="PASS">
          <reporter-output>
          </reporter-output>
        </test-method> <!-- app2AmzTest1 -->
        <test-method signature="app2AmzTest4()[pri:3, instance:pageobject.demowebshop.TestNGDemoApp3@6e9175d8]" started-at="2024-12-07T18:18:31 IST" name="app2AmzTest4" finished-at="2024-12-07T18:18:31 IST" duration-ms="1" status="PASS">
          <reporter-output>
          </reporter-output>
        </test-method> <!-- app2AmzTest4 -->
      </class> <!-- pageobject.demowebshop.TestNGDemoApp3 -->
    </test> <!-- Default test -->
  </suite> <!-- Default suite -->
</testng-results>
